<?xml version="1.0" encoding="UTF-8"?>
<coverage generated="1753704292078" clover="3.2.0">
  <project timestamp="1753704292078" name="All files">
    <metrics statements="252" coveredstatements="232" conditionals="54" coveredconditionals="50" methods="24" coveredmethods="22" elements="330" coveredelements="304" complexity="0" loc="252" ncloc="252" packages="1" files="9" classes="9"/>
    <file name="App.tsx" path="C:\Users\oreo\Desktop\unit\rs_react\src\App.tsx">
      <metrics statements="85" coveredstatements="81" conditionals="24" coveredconditionals="23" methods="9" coveredmethods="8"/>
      <line num="1" count="1" type="stmt"/>
      <line num="2" count="1" type="stmt"/>
      <line num="3" count="1" type="stmt"/>
      <line num="4" count="1" type="stmt"/>
      <line num="5" count="1" type="stmt"/>
      <line num="6" count="1" type="stmt"/>
      <line num="7" count="1" type="stmt"/>
      <line num="8" count="1" type="stmt"/>
      <line num="33" count="1" type="cond" truecount="1" falsecount="0"/>
      <line num="34" count="13" type="stmt"/>
      <line num="36" count="13" type="cond" truecount="1" falsecount="0"/>
      <line num="37" count="14" type="stmt"/>
      <line num="38" count="14" type="stmt"/>
      <line num="39" count="14" type="cond" truecount="1" falsecount="0"/>
      <line num="40" count="14" type="stmt"/>
      <line num="41" count="14" type="stmt"/>
      <line num="42" count="14" type="stmt"/>
      <line num="43" count="14" type="stmt"/>
      <line num="44" count="14" type="stmt"/>
      <line num="45" count="14" type="stmt"/>
      <line num="47" count="13" type="stmt"/>
      <line num="48" count="0" type="stmt"/>
      <line num="49" count="0" type="stmt"/>
      <line num="51" count="13" type="cond" truecount="1" falsecount="0"/>
      <line num="52" count="2" type="stmt"/>
      <line num="53" count="2" type="stmt"/>
      <line num="55" count="13" type="cond" truecount="1" falsecount="0"/>
      <line num="56" count="16" type="stmt"/>
      <line num="57" count="16" type="stmt"/>
      <line num="58" count="16" type="stmt"/>
      <line num="59" count="16" type="cond" truecount="2" falsecount="0"/>
      <line num="60" count="4" type="stmt"/>
      <line num="61" count="12" type="cond" truecount="1" falsecount="0"/>
      <line num="62" count="1" type="stmt"/>
      <line num="63" count="1" type="stmt"/>
      <line num="64" count="1" type="cond" truecount="0" falsecount="1"/>
      <line num="65" count="0" type="stmt"/>
      <line num="66" count="0" type="stmt"/>
      <line num="67" count="1" type="stmt"/>
      <line num="68" count="1" type="stmt"/>
      <line num="69" count="16" type="stmt"/>
      <line num="71" count="13" type="cond" truecount="1" falsecount="0"/>
      <line num="72" count="3" type="stmt"/>
      <line num="73" count="3" type="stmt"/>
      <line num="74" count="3" type="stmt"/>
      <line num="76" count="13" type="cond" truecount="1" falsecount="0"/>
      <line num="77" count="13" type="stmt"/>
      <line num="78" count="13" type="cond" truecount="1" falsecount="0"/>
      <line num="79" count="13" type="stmt"/>
      <line num="80" count="13" type="stmt"/>
      <line num="81" count="13" type="stmt"/>
      <line num="83" count="13" type="cond" truecount="1" falsecount="0"/>
      <line num="84" count="37" type="stmt"/>
      <line num="85" count="37" type="stmt"/>
      <line num="87" count="13" type="cond" truecount="1" falsecount="0"/>
      <line num="88" count="74" type="stmt"/>
      <line num="90" count="74" type="cond" truecount="1" falsecount="0"/>
      <line num="91" count="4" type="stmt"/>
      <line num="92" count="4" type="cond" truecount="1" falsecount="0"/>
      <line num="94" count="70" type="stmt"/>
      <line num="95" count="70" type="stmt"/>
      <line num="96" count="70" type="stmt"/>
      <line num="97" count="70" type="cond" truecount="1" falsecount="0"/>
      <line num="98" count="1" type="cond" truecount="1" falsecount="0"/>
      <line num="99" count="69" type="stmt"/>
      <line num="100" count="74" type="stmt"/>
      <line num="101" count="74" type="stmt"/>
      <line num="102" count="74" type="stmt"/>
      <line num="103" count="74" type="stmt"/>
      <line num="104" count="74" type="cond" truecount="1" falsecount="0"/>
      <line num="105" count="45" type="cond" truecount="1" falsecount="0"/>
      <line num="107" count="25" type="stmt"/>
      <line num="108" count="25" type="cond" truecount="2" falsecount="0"/>
      <line num="109" count="4" type="cond" truecount="1" falsecount="0"/>
      <line num="111" count="21" type="stmt"/>
      <line num="112" count="21" type="cond" truecount="1" falsecount="0"/>
      <line num="113" count="11" type="stmt"/>
      <line num="114" count="21" type="stmt"/>
      <line num="115" count="21" type="stmt"/>
      <line num="117" count="25" type="stmt"/>
      <line num="119" count="74" type="stmt"/>
      <line num="120" count="74" type="stmt"/>
      <line num="122" count="74" type="stmt"/>
      <line num="123" count="13" type="stmt"/>
      <line num="125" count="1" type="stmt"/>
    </file>
    <file name="Button.tsx" path="C:\Users\oreo\Desktop\unit\rs_react\src\Button.tsx">
      <metrics statements="7" coveredstatements="7" conditionals="1" coveredconditionals="1" methods="1" coveredmethods="1"/>
      <line num="1" count="1" type="stmt"/>
      <line num="8" count="1" type="stmt"/>
      <line num="9" count="1" type="cond" truecount="1" falsecount="0"/>
      <line num="10" count="70" type="stmt"/>
      <line num="11" count="70" type="stmt"/>
      <line num="12" count="1" type="stmt"/>
      <line num="14" count="1" type="stmt"/>
    </file>
    <file name="ErrorBoundary.tsx" path="C:\Users\oreo\Desktop\unit\rs_react\src\ErrorBoundary.tsx">
      <metrics statements="31" coveredstatements="31" conditionals="8" coveredconditionals="8" methods="6" coveredmethods="6"/>
      <line num="1" count="1" type="stmt"/>
      <line num="12" count="1" type="cond" truecount="1" falsecount="0"/>
      <line num="13" count="2" type="cond" truecount="1" falsecount="0"/>
      <line num="14" count="3" type="stmt"/>
      <line num="15" count="3" type="stmt"/>
      <line num="16" count="3" type="stmt"/>
      <line num="17" count="3" type="stmt"/>
      <line num="18" count="3" type="stmt"/>
      <line num="19" count="3" type="stmt"/>
      <line num="21" count="2" type="cond" truecount="1" falsecount="0"/>
      <line num="22" count="4" type="stmt"/>
      <line num="23" count="4" type="stmt"/>
      <line num="25" count="2" type="cond" truecount="1" falsecount="0"/>
      <line num="26" count="2" type="stmt"/>
      <line num="27" count="2" type="stmt"/>
      <line num="29" count="2" type="cond" truecount="1" falsecount="0"/>
      <line num="30" count="1" type="stmt"/>
      <line num="31" count="1" type="stmt"/>
      <line num="33" count="2" type="cond" truecount="1" falsecount="0"/>
      <line num="34" count="9" type="cond" truecount="1" falsecount="0"/>
      <line num="35" count="6" type="stmt"/>
      <line num="36" count="6" type="stmt"/>
      <line num="37" count="6" type="stmt"/>
      <line num="38" count="6" type="stmt"/>
      <line num="40" count="6" type="stmt"/>
      <line num="41" count="6" type="stmt"/>
      <line num="43" count="6" type="cond" truecount="1" falsecount="0"/>
      <line num="45" count="3" type="stmt"/>
      <line num="46" count="9" type="stmt"/>
      <line num="47" count="2" type="stmt"/>
      <line num="49" count="1" type="stmt"/>
    </file>
    <file name="ErrorButton.tsx" path="C:\Users\oreo\Desktop\unit\rs_react\src\ErrorButton.tsx">
      <metrics statements="10" coveredstatements="10" conditionals="1" coveredconditionals="1" methods="1" coveredmethods="1"/>
      <line num="1" count="1" type="stmt"/>
      <line num="7" count="1" type="stmt"/>
      <line num="8" count="1" type="cond" truecount="1" falsecount="0"/>
      <line num="9" count="70" type="stmt"/>
      <line num="10" count="70" type="stmt"/>
      <line num="11" count="70" type="stmt"/>
      <line num="13" count="70" type="stmt"/>
      <line num="15" count="70" type="stmt"/>
      <line num="16" count="1" type="stmt"/>
      <line num="17" count="1" type="stmt"/>
    </file>
    <file name="Input.tsx" path="C:\Users\oreo\Desktop\unit\rs_react\src\Input.tsx">
      <metrics statements="12" coveredstatements="12" conditionals="1" coveredconditionals="1" methods="1" coveredmethods="1"/>
      <line num="1" count="1" type="stmt"/>
      <line num="7" count="1" type="stmt"/>
      <line num="8" count="1" type="cond" truecount="1" falsecount="0"/>
      <line num="9" count="70" type="stmt"/>
      <line num="10" count="70" type="stmt"/>
      <line num="11" count="70" type="stmt"/>
      <line num="12" count="70" type="stmt"/>
      <line num="13" count="70" type="stmt"/>
      <line num="14" count="70" type="stmt"/>
      <line num="16" count="70" type="stmt"/>
      <line num="17" count="1" type="stmt"/>
      <line num="19" count="1" type="stmt"/>
    </file>
    <file name="PlanetCard.tsx" path="C:\Users\oreo\Desktop\unit\rs_react\src\PlanetCard.tsx">
      <metrics statements="41" coveredstatements="41" conditionals="1" coveredconditionals="1" methods="1" coveredmethods="1"/>
      <line num="1" count="1" type="stmt"/>
      <line num="19" count="1" type="stmt"/>
      <line num="20" count="1" type="cond" truecount="1" falsecount="0"/>
      <line num="21" count="11" type="stmt"/>
      <line num="22" count="11" type="stmt"/>
      <line num="23" count="11" type="stmt"/>
      <line num="24" count="11" type="stmt"/>
      <line num="25" count="11" type="stmt"/>
      <line num="26" count="11" type="stmt"/>
      <line num="27" count="11" type="stmt"/>
      <line num="28" count="11" type="stmt"/>
      <line num="29" count="11" type="stmt"/>
      <line num="30" count="11" type="stmt"/>
      <line num="31" count="11" type="stmt"/>
      <line num="32" count="11" type="stmt"/>
      <line num="33" count="11" type="stmt"/>
      <line num="34" count="11" type="stmt"/>
      <line num="35" count="11" type="stmt"/>
      <line num="36" count="11" type="stmt"/>
      <line num="37" count="11" type="stmt"/>
      <line num="38" count="11" type="stmt"/>
      <line num="39" count="11" type="stmt"/>
      <line num="40" count="11" type="stmt"/>
      <line num="41" count="11" type="stmt"/>
      <line num="42" count="11" type="stmt"/>
      <line num="43" count="11" type="stmt"/>
      <line num="44" count="11" type="stmt"/>
      <line num="45" count="11" type="stmt"/>
      <line num="46" count="11" type="stmt"/>
      <line num="47" count="11" type="stmt"/>
      <line num="48" count="11" type="stmt"/>
      <line num="49" count="11" type="stmt"/>
      <line num="50" count="11" type="stmt"/>
      <line num="51" count="11" type="stmt"/>
      <line num="52" count="11" type="stmt"/>
      <line num="53" count="11" type="stmt"/>
      <line num="54" count="11" type="stmt"/>
      <line num="55" count="11" type="stmt"/>
      <line num="57" count="11" type="stmt"/>
      <line num="58" count="1" type="stmt"/>
      <line num="60" count="1" type="stmt"/>
    </file>
    <file name="PlanetFetch.ts" path="C:\Users\oreo\Desktop\unit\rs_react\src\PlanetFetch.ts">
      <metrics statements="44" coveredstatements="40" conditionals="16" coveredconditionals="14" methods="3" coveredmethods="3"/>
      <line num="38" count="42" type="cond" truecount="1" falsecount="0"/>
      <line num="39" count="42" type="cond" truecount="2" falsecount="0"/>
      <line num="40" count="38" type="cond" truecount="0" falsecount="1"/>
      <line num="41" count="0" type="stmt"/>
      <line num="42" count="0" type="cond" truecount="1" falsecount="0"/>
      <line num="43" count="4" type="stmt"/>
      <line num="44" count="4" type="stmt"/>
      <line num="46" count="1" type="cond" truecount="1" falsecount="0"/>
      <line num="49" count="1" type="stmt"/>
      <line num="50" count="1" type="stmt"/>
      <line num="51" count="1" type="stmt"/>
      <line num="52" count="1" type="stmt"/>
      <line num="53" count="1" type="stmt"/>
      <line num="54" count="1" type="stmt"/>
      <line num="55" count="1" type="stmt"/>
      <line num="56" count="1" type="stmt"/>
      <line num="57" count="1" type="stmt"/>
      <line num="58" count="1" type="stmt"/>
      <line num="59" count="1" type="stmt"/>
      <line num="60" count="1" type="stmt"/>
      <line num="61" count="1" type="stmt"/>
      <line num="62" count="1" type="stmt"/>
      <line num="63" count="1" type="stmt"/>
      <line num="65" count="1" type="stmt"/>
      <line num="66" count="1" type="cond" truecount="1" falsecount="0"/>
      <line num="67" count="12" type="stmt"/>
      <line num="68" count="12" type="stmt"/>
      <line num="69" count="12" type="stmt"/>
      <line num="70" count="12" type="cond" truecount="1" falsecount="0"/>
      <line num="71" count="3" type="stmt"/>
      <line num="72" count="3" type="cond" truecount="1" falsecount="0"/>
      <line num="73" count="1" type="cond" truecount="1" falsecount="0"/>
      <line num="74" count="12" type="cond" truecount="1" falsecount="0"/>
      <line num="75" count="9" type="cond" truecount="2" falsecount="0"/>
      <line num="76" count="3" type="stmt"/>
      <line num="77" count="3" type="cond" truecount="1" falsecount="0"/>
      <line num="78" count="30" type="stmt"/>
      <line num="79" count="3" type="stmt"/>
      <line num="80" count="3" type="cond" truecount="0" falsecount="1"/>
      <line num="81" count="0" type="stmt"/>
      <line num="82" count="0" type="cond" truecount="1" falsecount="0"/>
      <line num="83" count="1" type="stmt"/>
      <line num="84" count="12" type="stmt"/>
      <line num="85" count="1" type="stmt"/>
    </file>
    <file name="Spinner.tsx" path="C:\Users\oreo\Desktop\unit\rs_react\src\Spinner.tsx">
      <metrics statements="10" coveredstatements="10" conditionals="1" coveredconditionals="1" methods="1" coveredmethods="1"/>
      <line num="1" count="1" type="stmt"/>
      <line num="3" count="1" type="stmt"/>
      <line num="4" count="1" type="cond" truecount="1" falsecount="0"/>
      <line num="5" count="45" type="stmt"/>
      <line num="6" count="45" type="stmt"/>
      <line num="7" count="45" type="stmt"/>
      <line num="8" count="45" type="stmt"/>
      <line num="10" count="45" type="stmt"/>
      <line num="11" count="1" type="stmt"/>
      <line num="13" count="1" type="stmt"/>
    </file>
    <file name="main.tsx" path="C:\Users\oreo\Desktop\unit\rs_react\src\main.tsx">
      <metrics statements="12" coveredstatements="0" conditionals="1" coveredconditionals="0" methods="1" coveredmethods="0"/>
      <line num="1" count="0" type="cond" truecount="0" falsecount="1"/>
      <line num="2" count="0" type="stmt"/>
      <line num="3" count="0" type="stmt"/>
      <line num="4" count="0" type="stmt"/>
      <line num="5" count="0" type="stmt"/>
      <line num="7" count="0" type="stmt"/>
      <line num="8" count="0" type="stmt"/>
      <line num="9" count="0" type="stmt"/>
      <line num="10" count="0" type="stmt"/>
      <line num="11" count="0" type="stmt"/>
      <line num="12" count="0" type="stmt"/>
      <line num="13" count="0" type="stmt"/>
    </file>
  </project>
</coverage>
