{"C:\\Users\\oreo\\Desktop\\test\\rs_react\\src\\App.tsx": {"path":"C:\\Users\\oreo\\Desktop\\test\\rs_react\\src\\App.tsx","all":false,"statementMap":{"0":{"start":{"line":1,"column":0},"end":{"line":1,"column":26}},"1":{"start":{"line":2,"column":0},"end":{"line":2,"column":19}},"2":{"start":{"line":3,"column":0},"end":{"line":3,"column":40}},"3":{"start":{"line":4,"column":0},"end":{"line":4,"column":30}},"4":{"start":{"line":5,"column":0},"end":{"line":5,"column":28}},"5":{"start":{"line":6,"column":0},"end":{"line":6,"column":38}},"6":{"start":{"line":7,"column":0},"end":{"line":7,"column":32}},"7":{"start":{"line":8,"column":0},"end":{"line":8,"column":42}},"32":{"start":{"line":33,"column":0},"end":{"line":33,"column":53}},"33":{"start":{"line":34,"column":0},"end":{"line":34,"column":44}},"35":{"start":{"line":36,"column":0},"end":{"line":36,"column":30}},"36":{"start":{"line":37,"column":0},"end":{"line":37,"column":17}},"37":{"start":{"line":38,"column":0},"end":{"line":38,"column":18}},"38":{"start":{"line":39,"column":0},"end":{"line":39,"column":67}},"39":{"start":{"line":40,"column":0},"end":{"line":40,"column":24}},"40":{"start":{"line":41,"column":0},"end":{"line":41,"column":23}},"41":{"start":{"line":42,"column":0},"end":{"line":42,"column":18}},"42":{"start":{"line":43,"column":0},"end":{"line":43,"column":26}},"43":{"start":{"line":44,"column":0},"end":{"line":44,"column":6}},"44":{"start":{"line":45,"column":0},"end":{"line":45,"column":3}},"46":{"start":{"line":47,"column":0},"end":{"line":47,"column":27}},"47":{"start":{"line":48,"column":0},"end":{"line":48,"column":43}},"48":{"start":{"line":49,"column":0},"end":{"line":49,"column":4}},"50":{"start":{"line":51,"column":0},"end":{"line":51,"column":24}},"51":{"start":{"line":52,"column":0},"end":{"line":52,"column":42}},"52":{"start":{"line":53,"column":0},"end":{"line":53,"column":4}},"54":{"start":{"line":55,"column":0},"end":{"line":55,"column":54}},"55":{"start":{"line":56,"column":0},"end":{"line":56,"column":39}},"56":{"start":{"line":57,"column":0},"end":{"line":57,"column":52}},"57":{"start":{"line":58,"column":0},"end":{"line":58,"column":9}},"58":{"start":{"line":59,"column":0},"end":{"line":59,"column":64}},"59":{"start":{"line":60,"column":0},"end":{"line":60,"column":66}},"60":{"start":{"line":61,"column":0},"end":{"line":61,"column":21}},"61":{"start":{"line":62,"column":0},"end":{"line":62,"column":35}},"62":{"start":{"line":63,"column":0},"end":{"line":63,"column":37}},"63":{"start":{"line":64,"column":0},"end":{"line":64,"column":45}},"64":{"start":{"line":65,"column":0},"end":{"line":65,"column":29}},"65":{"start":{"line":66,"column":0},"end":{"line":66,"column":7}},"66":{"start":{"line":67,"column":0},"end":{"line":67,"column":63}},"67":{"start":{"line":68,"column":0},"end":{"line":68,"column":5}},"68":{"start":{"line":69,"column":0},"end":{"line":69,"column":4}},"70":{"start":{"line":71,"column":0},"end":{"line":71,"column":24}},"71":{"start":{"line":72,"column":0},"end":{"line":72,"column":77}},"72":{"start":{"line":73,"column":0},"end":{"line":73,"column":45}},"73":{"start":{"line":74,"column":0},"end":{"line":74,"column":4}},"75":{"start":{"line":76,"column":0},"end":{"line":76,"column":23}},"76":{"start":{"line":77,"column":0},"end":{"line":77,"column":19}},"77":{"start":{"line":78,"column":0},"end":{"line":78,"column":67}},"78":{"start":{"line":79,"column":0},"end":{"line":79,"column":7}},"79":{"start":{"line":80,"column":0},"end":{"line":80,"column":45}},"80":{"start":{"line":81,"column":0},"end":{"line":81,"column":3}},"82":{"start":{"line":83,"column":0},"end":{"line":83,"column":67}},"83":{"start":{"line":84,"column":0},"end":{"line":84,"column":50}},"84":{"start":{"line":85,"column":0},"end":{"line":85,"column":4}},"86":{"start":{"line":87,"column":0},"end":{"line":87,"column":12}},"87":{"start":{"line":88,"column":0},"end":{"line":88,"column":78}},"89":{"start":{"line":90,"column":0},"end":{"line":90,"column":23}},"90":{"start":{"line":91,"column":0},"end":{"line":91,"column":36}},"91":{"start":{"line":92,"column":0},"end":{"line":92,"column":5}},"93":{"start":{"line":94,"column":0},"end":{"line":94,"column":12}},"94":{"start":{"line":95,"column":0},"end":{"line":95,"column":55}},"95":{"start":{"line":96,"column":0},"end":{"line":96,"column":52}},"96":{"start":{"line":97,"column":0},"end":{"line":97,"column":29}},"97":{"start":{"line":98,"column":0},"end":{"line":98,"column":67}},"98":{"start":{"line":99,"column":0},"end":{"line":99,"column":17}},"99":{"start":{"line":100,"column":0},"end":{"line":100,"column":42}},"100":{"start":{"line":101,"column":0},"end":{"line":101,"column":72}},"101":{"start":{"line":102,"column":0},"end":{"line":102,"column":65}},"102":{"start":{"line":103,"column":0},"end":{"line":103,"column":14}},"103":{"start":{"line":104,"column":0},"end":{"line":104,"column":22}},"104":{"start":{"line":105,"column":0},"end":{"line":105,"column":21}},"106":{"start":{"line":107,"column":0},"end":{"line":107,"column":45}},"107":{"start":{"line":108,"column":0},"end":{"line":108,"column":71}},"108":{"start":{"line":109,"column":0},"end":{"line":109,"column":52}},"110":{"start":{"line":111,"column":0},"end":{"line":111,"column":44}},"111":{"start":{"line":112,"column":0},"end":{"line":112,"column":56}},"112":{"start":{"line":113,"column":0},"end":{"line":113,"column":65}},"113":{"start":{"line":114,"column":0},"end":{"line":114,"column":19}},"114":{"start":{"line":115,"column":0},"end":{"line":115,"column":20}},"116":{"start":{"line":117,"column":0},"end":{"line":117,"column":16}},"118":{"start":{"line":119,"column":0},"end":{"line":119,"column":51}},"119":{"start":{"line":120,"column":0},"end":{"line":120,"column":12}},"121":{"start":{"line":122,"column":0},"end":{"line":122,"column":3}},"122":{"start":{"line":123,"column":0},"end":{"line":123,"column":1}},"124":{"start":{"line":125,"column":0},"end":{"line":125,"column":19}}},"s":{"0":1,"1":1,"2":1,"3":1,"4":1,"5":1,"6":1,"7":1,"32":1,"33":13,"35":13,"36":14,"37":14,"38":14,"39":14,"40":14,"41":14,"42":14,"43":14,"44":14,"46":13,"47":0,"48":0,"50":13,"51":2,"52":2,"54":13,"55":16,"56":16,"57":16,"58":16,"59":4,"60":12,"61":1,"62":1,"63":1,"64":0,"65":0,"66":1,"67":1,"68":16,"70":13,"71":3,"72":3,"73":3,"75":13,"76":13,"77":13,"78":13,"79":13,"80":13,"82":13,"83":37,"84":37,"86":13,"87":74,"89":74,"90":4,"91":4,"93":70,"94":70,"95":70,"96":70,"97":1,"98":69,"99":74,"100":74,"101":74,"102":74,"103":74,"104":45,"106":25,"107":25,"108":4,"110":21,"111":21,"112":11,"113":21,"114":21,"116":25,"118":74,"119":74,"121":74,"122":13,"124":1},"branchMap":{"0":{"type":"branch","line":33,"loc":{"start":{"line":33,"column":52},"end":{"line":123,"column":1}},"locations":[{"start":{"line":33,"column":52},"end":{"line":123,"column":1}}]},"1":{"type":"branch","line":36,"loc":{"start":{"line":36,"column":2},"end":{"line":45,"column":3}},"locations":[{"start":{"line":36,"column":2},"end":{"line":45,"column":3}}]},"2":{"type":"branch","line":39,"loc":{"start":{"line":39,"column":59},"end":{"line":39,"column":67}},"locations":[{"start":{"line":39,"column":59},"end":{"line":39,"column":67}}]},"3":{"type":"branch","line":51,"loc":{"start":{"line":51,"column":17},"end":{"line":53,"column":4}},"locations":[{"start":{"line":51,"column":17},"end":{"line":53,"column":4}}]},"4":{"type":"branch","line":55,"loc":{"start":{"line":55,"column":17},"end":{"line":69,"column":4}},"locations":[{"start":{"line":55,"column":17},"end":{"line":69,"column":4}}]},"5":{"type":"branch","line":59,"loc":{"start":{"line":59,"column":62},"end":{"line":68,"column":5}},"locations":[{"start":{"line":59,"column":62},"end":{"line":68,"column":5}}]},"6":{"type":"branch","line":59,"loc":{"start":{"line":59,"column":62},"end":{"line":61,"column":13}},"locations":[{"start":{"line":59,"column":62},"end":{"line":61,"column":13}}]},"7":{"type":"branch","line":61,"loc":{"start":{"line":61,"column":4},"end":{"line":68,"column":5}},"locations":[{"start":{"line":61,"column":4},"end":{"line":68,"column":5}}]},"8":{"type":"branch","line":64,"loc":{"start":{"line":64,"column":6},"end":{"line":66,"column":7}},"locations":[{"start":{"line":64,"column":6},"end":{"line":66,"column":7}}]},"9":{"type":"branch","line":71,"loc":{"start":{"line":71,"column":17},"end":{"line":74,"column":4}},"locations":[{"start":{"line":71,"column":17},"end":{"line":74,"column":4}}]},"10":{"type":"branch","line":76,"loc":{"start":{"line":76,"column":2},"end":{"line":81,"column":3}},"locations":[{"start":{"line":76,"column":2},"end":{"line":81,"column":3}}]},"11":{"type":"branch","line":78,"loc":{"start":{"line":78,"column":59},"end":{"line":78,"column":67}},"locations":[{"start":{"line":78,"column":59},"end":{"line":78,"column":67}}]},"12":{"type":"branch","line":83,"loc":{"start":{"line":83,"column":22},"end":{"line":85,"column":4}},"locations":[{"start":{"line":83,"column":22},"end":{"line":85,"column":4}}]},"13":{"type":"branch","line":87,"loc":{"start":{"line":87,"column":2},"end":{"line":122,"column":3}},"locations":[{"start":{"line":87,"column":2},"end":{"line":122,"column":3}}]},"14":{"type":"branch","line":90,"loc":{"start":{"line":90,"column":22},"end":{"line":92,"column":5}},"locations":[{"start":{"line":90,"column":22},"end":{"line":92,"column":5}}]},"15":{"type":"branch","line":92,"loc":{"start":{"line":92,"column":4},"end":{"line":97,"column":29}},"locations":[{"start":{"line":92,"column":4},"end":{"line":97,"column":29}}]},"16":{"type":"branch","line":97,"loc":{"start":{"line":97,"column":20},"end":{"line":98,"column":67}},"locations":[{"start":{"line":97,"column":20},"end":{"line":98,"column":67}}]},"17":{"type":"branch","line":98,"loc":{"start":{"line":98,"column":61},"end":{"line":99,"column":17}},"locations":[{"start":{"line":98,"column":61},"end":{"line":99,"column":17}}]},"18":{"type":"branch","line":104,"loc":{"start":{"line":104,"column":9},"end":{"line":105,"column":21}},"locations":[{"start":{"line":104,"column":9},"end":{"line":105,"column":21}}]},"19":{"type":"branch","line":105,"loc":{"start":{"line":105,"column":19},"end":{"line":117,"column":16}},"locations":[{"start":{"line":105,"column":19},"end":{"line":117,"column":16}}]},"20":{"type":"branch","line":108,"loc":{"start":{"line":108,"column":35},"end":{"line":108,"column":71}},"locations":[{"start":{"line":108,"column":35},"end":{"line":108,"column":71}}]},"21":{"type":"branch","line":108,"loc":{"start":{"line":108,"column":66},"end":{"line":109,"column":52}},"locations":[{"start":{"line":108,"column":66},"end":{"line":109,"column":52}}]},"22":{"type":"branch","line":109,"loc":{"start":{"line":109,"column":46},"end":{"line":115,"column":20}},"locations":[{"start":{"line":109,"column":46},"end":{"line":115,"column":20}}]},"23":{"type":"branch","line":112,"loc":{"start":{"line":112,"column":35},"end":{"line":113,"column":65}},"locations":[{"start":{"line":112,"column":35},"end":{"line":113,"column":65}}]}},"b":{"0":[13],"1":[14],"2":[10],"3":[2],"4":[16],"5":[12],"6":[4],"7":[1],"8":[0],"9":[3],"10":[13],"11":[10],"12":[37],"13":[74],"14":[4],"15":[70],"16":[1],"17":[69],"18":[45],"19":[25],"20":[14],"21":[4],"22":[21],"23":[11]},"fnMap":{"0":{"name":"<instance_members_initializer>","decl":{"start":{"line":33,"column":52},"end":{"line":123,"column":1}},"loc":{"start":{"line":33,"column":52},"end":{"line":123,"column":1}},"line":33},"1":{"name":"App","decl":{"start":{"line":36,"column":2},"end":{"line":45,"column":3}},"loc":{"start":{"line":36,"column":2},"end":{"line":45,"column":3}},"line":36},"2":{"name":"resetErrorState","decl":{"start":{"line":47,"column":20},"end":{"line":49,"column":4}},"loc":{"start":{"line":47,"column":20},"end":{"line":49,"column":4}},"line":47},"3":{"name":"triggerError","decl":{"start":{"line":51,"column":17},"end":{"line":53,"column":4}},"loc":{"start":{"line":51,"column":17},"end":{"line":53,"column":4}},"line":51},"4":{"name":"fetchPlanets","decl":{"start":{"line":55,"column":17},"end":{"line":69,"column":4}},"loc":{"start":{"line":55,"column":17},"end":{"line":69,"column":4}},"line":55},"5":{"name":"handleSearch","decl":{"start":{"line":71,"column":17},"end":{"line":74,"column":4}},"loc":{"start":{"line":71,"column":17},"end":{"line":74,"column":4}},"line":71},"6":{"name":"componentDidMount","decl":{"start":{"line":76,"column":2},"end":{"line":81,"column":3}},"loc":{"start":{"line":76,"column":2},"end":{"line":81,"column":3}},"line":76},"7":{"name":"handleInputChange","decl":{"start":{"line":83,"column":22},"end":{"line":85,"column":4}},"loc":{"start":{"line":83,"column":22},"end":{"line":85,"column":4}},"line":83},"8":{"name":"render","decl":{"start":{"line":87,"column":2},"end":{"line":122,"column":3}},"loc":{"start":{"line":87,"column":2},"end":{"line":122,"column":3}},"line":87}},"f":{"0":13,"1":14,"2":0,"3":2,"4":16,"5":3,"6":13,"7":37,"8":74}}
,"C:\\Users\\oreo\\Desktop\\test\\rs_react\\src\\Button.tsx": {"path":"C:\\Users\\oreo\\Desktop\\test\\rs_react\\src\\Button.tsx","all":false,"statementMap":{"0":{"start":{"line":1,"column":0},"end":{"line":1,"column":26}},"7":{"start":{"line":8,"column":0},"end":{"line":8,"column":51}},"8":{"start":{"line":9,"column":0},"end":{"line":9,"column":12}},"9":{"start":{"line":10,"column":0},"end":{"line":10,"column":79}},"10":{"start":{"line":11,"column":0},"end":{"line":11,"column":3}},"11":{"start":{"line":12,"column":0},"end":{"line":12,"column":1}},"13":{"start":{"line":14,"column":0},"end":{"line":14,"column":22}}},"s":{"0":1,"7":1,"8":1,"9":70,"10":70,"11":1,"13":1},"branchMap":{"0":{"type":"branch","line":9,"loc":{"start":{"line":9,"column":2},"end":{"line":11,"column":3}},"locations":[{"start":{"line":9,"column":2},"end":{"line":11,"column":3}}]}},"b":{"0":[70]},"fnMap":{"0":{"name":"render","decl":{"start":{"line":9,"column":2},"end":{"line":11,"column":3}},"loc":{"start":{"line":9,"column":2},"end":{"line":11,"column":3}},"line":9}},"f":{"0":70}}
,"C:\\Users\\oreo\\Desktop\\test\\rs_react\\src\\ErrorBoundary.tsx": {"path":"C:\\Users\\oreo\\Desktop\\test\\rs_react\\src\\ErrorBoundary.tsx","all":false,"statementMap":{"0":{"start":{"line":1,"column":0},"end":{"line":1,"column":26}},"11":{"start":{"line":12,"column":0},"end":{"line":12,"column":59}},"12":{"start":{"line":13,"column":0},"end":{"line":13,"column":29}},"13":{"start":{"line":14,"column":0},"end":{"line":14,"column":17}},"14":{"start":{"line":15,"column":0},"end":{"line":15,"column":18}},"15":{"start":{"line":16,"column":0},"end":{"line":16,"column":22}},"16":{"start":{"line":17,"column":0},"end":{"line":17,"column":18}},"17":{"start":{"line":18,"column":0},"end":{"line":18,"column":6}},"18":{"start":{"line":19,"column":0},"end":{"line":19,"column":3}},"20":{"start":{"line":21,"column":0},"end":{"line":21,"column":56}},"21":{"start":{"line":22,"column":0},"end":{"line":22,"column":44}},"22":{"start":{"line":23,"column":0},"end":{"line":23,"column":3}},"24":{"start":{"line":25,"column":0},"end":{"line":25,"column":35}},"25":{"start":{"line":26,"column":0},"end":{"line":26,"column":29}},"26":{"start":{"line":27,"column":0},"end":{"line":27,"column":3}},"28":{"start":{"line":29,"column":0},"end":{"line":29,"column":22}},"29":{"start":{"line":30,"column":0},"end":{"line":30,"column":52}},"30":{"start":{"line":31,"column":0},"end":{"line":31,"column":4}},"32":{"start":{"line":33,"column":0},"end":{"line":33,"column":12}},"33":{"start":{"line":34,"column":0},"end":{"line":34,"column":30}},"34":{"start":{"line":35,"column":0},"end":{"line":35,"column":14}},"35":{"start":{"line":36,"column":0},"end":{"line":36,"column":40}},"36":{"start":{"line":37,"column":0},"end":{"line":37,"column":73}},"37":{"start":{"line":38,"column":0},"end":{"line":38,"column":74}},"39":{"start":{"line":40,"column":0},"end":{"line":40,"column":19}},"40":{"start":{"line":41,"column":0},"end":{"line":41,"column":14}},"42":{"start":{"line":43,"column":0},"end":{"line":43,"column":5}},"44":{"start":{"line":45,"column":0},"end":{"line":45,"column":31}},"45":{"start":{"line":46,"column":0},"end":{"line":46,"column":3}},"46":{"start":{"line":47,"column":0},"end":{"line":47,"column":1}},"48":{"start":{"line":49,"column":0},"end":{"line":49,"column":29}}},"s":{"0":1,"11":1,"12":2,"13":3,"14":3,"15":3,"16":3,"17":3,"18":3,"20":2,"21":4,"22":4,"24":2,"25":2,"26":2,"28":2,"29":1,"30":1,"32":2,"33":9,"34":6,"35":6,"36":6,"37":6,"39":6,"40":6,"42":6,"44":3,"45":9,"46":2,"48":1},"branchMap":{"0":{"type":"branch","line":12,"loc":{"start":{"line":12,"column":58},"end":{"line":47,"column":1}},"locations":[{"start":{"line":12,"column":58},"end":{"line":47,"column":1}}]},"1":{"type":"branch","line":13,"loc":{"start":{"line":13,"column":2},"end":{"line":19,"column":3}},"locations":[{"start":{"line":13,"column":2},"end":{"line":19,"column":3}}]},"2":{"type":"branch","line":21,"loc":{"start":{"line":21,"column":9},"end":{"line":23,"column":3}},"locations":[{"start":{"line":21,"column":9},"end":{"line":23,"column":3}}]},"3":{"type":"branch","line":25,"loc":{"start":{"line":25,"column":2},"end":{"line":27,"column":3}},"locations":[{"start":{"line":25,"column":2},"end":{"line":27,"column":3}}]},"4":{"type":"branch","line":29,"loc":{"start":{"line":29,"column":15},"end":{"line":31,"column":4}},"locations":[{"start":{"line":29,"column":15},"end":{"line":31,"column":4}}]},"5":{"type":"branch","line":33,"loc":{"start":{"line":33,"column":2},"end":{"line":46,"column":3}},"locations":[{"start":{"line":33,"column":2},"end":{"line":46,"column":3}}]},"6":{"type":"branch","line":34,"loc":{"start":{"line":34,"column":29},"end":{"line":43,"column":5}},"locations":[{"start":{"line":34,"column":29},"end":{"line":43,"column":5}}]},"7":{"type":"branch","line":43,"loc":{"start":{"line":43,"column":4},"end":{"line":45,"column":31}},"locations":[{"start":{"line":43,"column":4},"end":{"line":45,"column":31}}]}},"b":{"0":[2],"1":[3],"2":[4],"3":[2],"4":[1],"5":[9],"6":[6],"7":[3]},"fnMap":{"0":{"name":"<instance_members_initializer>","decl":{"start":{"line":12,"column":58},"end":{"line":47,"column":1}},"loc":{"start":{"line":12,"column":58},"end":{"line":47,"column":1}},"line":12},"1":{"name":"ErrorBoundary","decl":{"start":{"line":13,"column":2},"end":{"line":19,"column":3}},"loc":{"start":{"line":13,"column":2},"end":{"line":19,"column":3}},"line":13},"2":{"name":"getDerivedStateFromError","decl":{"start":{"line":21,"column":9},"end":{"line":23,"column":3}},"loc":{"start":{"line":21,"column":9},"end":{"line":23,"column":3}},"line":21},"3":{"name":"componentDidCatch","decl":{"start":{"line":25,"column":2},"end":{"line":27,"column":3}},"loc":{"start":{"line":25,"column":2},"end":{"line":27,"column":3}},"line":25},"4":{"name":"resetError","decl":{"start":{"line":29,"column":15},"end":{"line":31,"column":4}},"loc":{"start":{"line":29,"column":15},"end":{"line":31,"column":4}},"line":29},"5":{"name":"render","decl":{"start":{"line":33,"column":2},"end":{"line":46,"column":3}},"loc":{"start":{"line":33,"column":2},"end":{"line":46,"column":3}},"line":33}},"f":{"0":2,"1":3,"2":4,"3":2,"4":1,"5":9}}
,"C:\\Users\\oreo\\Desktop\\test\\rs_react\\src\\ErrorButton.tsx": {"path":"C:\\Users\\oreo\\Desktop\\test\\rs_react\\src\\ErrorButton.tsx","all":false,"statementMap":{"0":{"start":{"line":1,"column":0},"end":{"line":1,"column":26}},"6":{"start":{"line":7,"column":0},"end":{"line":7,"column":66}},"7":{"start":{"line":8,"column":0},"end":{"line":8,"column":10}},"8":{"start":{"line":9,"column":0},"end":{"line":9,"column":60}},"10":{"start":{"line":11,"column":0},"end":{"line":11,"column":13}},"12":{"start":{"line":13,"column":0},"end":{"line":13,"column":2}},"14":{"start":{"line":15,"column":0},"end":{"line":15,"column":27}}},"s":{"0":1,"6":1,"7":70,"8":70,"10":70,"12":70,"14":1},"branchMap":{"0":{"type":"branch","line":7,"loc":{"start":{"line":7,"column":48},"end":{"line":13,"column":2}},"locations":[{"start":{"line":7,"column":48},"end":{"line":13,"column":2}}]}},"b":{"0":[70]},"fnMap":{"0":{"name":"ErrorButton","decl":{"start":{"line":7,"column":48},"end":{"line":13,"column":2}},"loc":{"start":{"line":7,"column":48},"end":{"line":13,"column":2}},"line":7}},"f":{"0":70}}
,"C:\\Users\\oreo\\Desktop\\test\\rs_react\\src\\Input.tsx": {"path":"C:\\Users\\oreo\\Desktop\\test\\rs_react\\src\\Input.tsx","all":false,"statementMap":{"0":{"start":{"line":1,"column":0},"end":{"line":1,"column":26}},"6":{"start":{"line":7,"column":0},"end":{"line":7,"column":49}},"7":{"start":{"line":8,"column":0},"end":{"line":8,"column":12}},"8":{"start":{"line":9,"column":0},"end":{"line":9,"column":12}},"9":{"start":{"line":10,"column":0},"end":{"line":10,"column":12}},"10":{"start":{"line":11,"column":0},"end":{"line":11,"column":19}},"11":{"start":{"line":12,"column":0},"end":{"line":12,"column":32}},"12":{"start":{"line":13,"column":0},"end":{"line":13,"column":38}},"13":{"start":{"line":14,"column":0},"end":{"line":14,"column":8}},"15":{"start":{"line":16,"column":0},"end":{"line":16,"column":3}},"16":{"start":{"line":17,"column":0},"end":{"line":17,"column":1}},"18":{"start":{"line":19,"column":0},"end":{"line":19,"column":21}}},"s":{"0":1,"6":1,"7":1,"8":70,"9":70,"10":70,"11":70,"12":70,"13":70,"15":70,"16":1,"18":1},"branchMap":{"0":{"type":"branch","line":8,"loc":{"start":{"line":8,"column":2},"end":{"line":16,"column":3}},"locations":[{"start":{"line":8,"column":2},"end":{"line":16,"column":3}}]}},"b":{"0":[70]},"fnMap":{"0":{"name":"render","decl":{"start":{"line":8,"column":2},"end":{"line":16,"column":3}},"loc":{"start":{"line":8,"column":2},"end":{"line":16,"column":3}},"line":8}},"f":{"0":70}}
,"C:\\Users\\oreo\\Desktop\\test\\rs_react\\src\\PlanetCard.tsx": {"path":"C:\\Users\\oreo\\Desktop\\test\\rs_react\\src\\PlanetCard.tsx","all":false,"statementMap":{"0":{"start":{"line":1,"column":0},"end":{"line":1,"column":26}},"18":{"start":{"line":19,"column":0},"end":{"line":19,"column":62}},"19":{"start":{"line":20,"column":0},"end":{"line":20,"column":12}},"20":{"start":{"line":21,"column":0},"end":{"line":21,"column":34}},"21":{"start":{"line":22,"column":0},"end":{"line":22,"column":12}},"22":{"start":{"line":23,"column":0},"end":{"line":23,"column":50}},"23":{"start":{"line":24,"column":0},"end":{"line":24,"column":40}},"24":{"start":{"line":25,"column":0},"end":{"line":25,"column":56}},"25":{"start":{"line":26,"column":0},"end":{"line":26,"column":38}},"26":{"start":{"line":27,"column":0},"end":{"line":27,"column":59}},"27":{"start":{"line":28,"column":0},"end":{"line":28,"column":77}},"28":{"start":{"line":29,"column":0},"end":{"line":29,"column":16}},"29":{"start":{"line":30,"column":0},"end":{"line":30,"column":38}},"30":{"start":{"line":31,"column":0},"end":{"line":31,"column":58}},"31":{"start":{"line":32,"column":0},"end":{"line":32,"column":76}},"32":{"start":{"line":33,"column":0},"end":{"line":33,"column":16}},"33":{"start":{"line":34,"column":0},"end":{"line":34,"column":38}},"34":{"start":{"line":35,"column":0},"end":{"line":35,"column":58}},"35":{"start":{"line":36,"column":0},"end":{"line":36,"column":76}},"36":{"start":{"line":37,"column":0},"end":{"line":37,"column":16}},"37":{"start":{"line":38,"column":0},"end":{"line":38,"column":38}},"38":{"start":{"line":39,"column":0},"end":{"line":39,"column":61}},"39":{"start":{"line":40,"column":0},"end":{"line":40,"column":79}},"40":{"start":{"line":41,"column":0},"end":{"line":41,"column":16}},"41":{"start":{"line":42,"column":0},"end":{"line":42,"column":38}},"42":{"start":{"line":43,"column":0},"end":{"line":43,"column":66}},"43":{"start":{"line":44,"column":0},"end":{"line":44,"column":42}},"44":{"start":{"line":45,"column":0},"end":{"line":45,"column":49}},"45":{"start":{"line":46,"column":0},"end":{"line":46,"column":19}},"46":{"start":{"line":47,"column":0},"end":{"line":47,"column":16}},"47":{"start":{"line":48,"column":0},"end":{"line":48,"column":38}},"48":{"start":{"line":49,"column":0},"end":{"line":49,"column":65}},"49":{"start":{"line":50,"column":0},"end":{"line":50,"column":42}},"50":{"start":{"line":51,"column":0},"end":{"line":51,"column":48}},"51":{"start":{"line":52,"column":0},"end":{"line":52,"column":19}},"52":{"start":{"line":53,"column":0},"end":{"line":53,"column":16}},"53":{"start":{"line":54,"column":0},"end":{"line":54,"column":14}},"54":{"start":{"line":55,"column":0},"end":{"line":55,"column":12}},"56":{"start":{"line":57,"column":0},"end":{"line":57,"column":3}},"57":{"start":{"line":58,"column":0},"end":{"line":58,"column":1}},"59":{"start":{"line":60,"column":0},"end":{"line":60,"column":26}}},"s":{"0":1,"18":1,"19":1,"20":11,"21":11,"22":11,"23":11,"24":11,"25":11,"26":11,"27":11,"28":11,"29":11,"30":11,"31":11,"32":11,"33":11,"34":11,"35":11,"36":11,"37":11,"38":11,"39":11,"40":11,"41":11,"42":11,"43":11,"44":11,"45":11,"46":11,"47":11,"48":11,"49":11,"50":11,"51":11,"52":11,"53":11,"54":11,"56":11,"57":1,"59":1},"branchMap":{"0":{"type":"branch","line":20,"loc":{"start":{"line":20,"column":2},"end":{"line":57,"column":3}},"locations":[{"start":{"line":20,"column":2},"end":{"line":57,"column":3}}]}},"b":{"0":[11]},"fnMap":{"0":{"name":"render","decl":{"start":{"line":20,"column":2},"end":{"line":57,"column":3}},"loc":{"start":{"line":20,"column":2},"end":{"line":57,"column":3}},"line":20}},"f":{"0":11}}
,"C:\\Users\\oreo\\Desktop\\test\\rs_react\\src\\PlanetFetch.ts": {"path":"C:\\Users\\oreo\\Desktop\\test\\rs_react\\src\\PlanetFetch.ts","all":false,"statementMap":{"37":{"start":{"line":38,"column":0},"end":{"line":38,"column":62}},"38":{"start":{"line":39,"column":0},"end":{"line":39,"column":44}},"39":{"start":{"line":40,"column":0},"end":{"line":40,"column":56}},"40":{"start":{"line":41,"column":0},"end":{"line":41,"column":25}},"41":{"start":{"line":42,"column":0},"end":{"line":42,"column":1}},"43":{"start":{"line":44,"column":0},"end":{"line":44,"column":30}},"46":{"start":{"line":47,"column":0},"end":{"line":47,"column":15}},"47":{"start":{"line":48,"column":0},"end":{"line":48,"column":10}},"48":{"start":{"line":49,"column":0},"end":{"line":49,"column":18}},"49":{"start":{"line":50,"column":0},"end":{"line":50,"column":31}},"50":{"start":{"line":51,"column":0},"end":{"line":51,"column":17}},"51":{"start":{"line":52,"column":0},"end":{"line":52,"column":33}},"52":{"start":{"line":53,"column":0},"end":{"line":53,"column":41}},"53":{"start":{"line":54,"column":0},"end":{"line":54,"column":55}},"54":{"start":{"line":55,"column":0},"end":{"line":55,"column":53}},"55":{"start":{"line":56,"column":0},"end":{"line":56,"column":45}},"56":{"start":{"line":57,"column":0},"end":{"line":57,"column":39}},"57":{"start":{"line":58,"column":0},"end":{"line":58,"column":39}},"58":{"start":{"line":59,"column":0},"end":{"line":59,"column":6}},"59":{"start":{"line":60,"column":0},"end":{"line":60,"column":4}},"60":{"start":{"line":61,"column":0},"end":{"line":61,"column":2}},"62":{"start":{"line":63,"column":0},"end":{"line":63,"column":26}},"63":{"start":{"line":64,"column":0},"end":{"line":64,"column":48}},"64":{"start":{"line":65,"column":0},"end":{"line":65,"column":60}},"65":{"start":{"line":66,"column":0},"end":{"line":66,"column":20}},"66":{"start":{"line":67,"column":0},"end":{"line":67,"column":31}},"67":{"start":{"line":68,"column":0},"end":{"line":68,"column":22}},"68":{"start":{"line":69,"column":0},"end":{"line":69,"column":71}},"69":{"start":{"line":70,"column":0},"end":{"line":70,"column":73}},"70":{"start":{"line":71,"column":0},"end":{"line":71,"column":71}},"71":{"start":{"line":72,"column":0},"end":{"line":72,"column":12}},"72":{"start":{"line":73,"column":0},"end":{"line":73,"column":68}},"73":{"start":{"line":74,"column":0},"end":{"line":74,"column":47}},"74":{"start":{"line":75,"column":0},"end":{"line":75,"column":38}},"75":{"start":{"line":76,"column":0},"end":{"line":76,"column":53}},"76":{"start":{"line":77,"column":0},"end":{"line":77,"column":10}},"77":{"start":{"line":78,"column":0},"end":{"line":78,"column":8}},"78":{"start":{"line":79,"column":0},"end":{"line":79,"column":77}},"79":{"start":{"line":80,"column":0},"end":{"line":80,"column":5}},"80":{"start":{"line":81,"column":0},"end":{"line":81,"column":19}},"81":{"start":{"line":82,"column":0},"end":{"line":82,"column":4}},"82":{"start":{"line":83,"column":0},"end":{"line":83,"column":2}}},"s":{"37":22,"38":22,"39":18,"40":2,"41":2,"43":1,"46":1,"47":1,"48":1,"49":1,"50":1,"51":1,"52":1,"53":1,"54":1,"55":1,"56":1,"57":1,"58":1,"59":1,"60":1,"62":1,"63":1,"64":12,"65":12,"66":12,"67":12,"68":3,"69":3,"70":1,"71":12,"72":9,"73":1,"74":1,"75":10,"76":1,"77":1,"78":0,"79":0,"80":1,"81":12,"82":1},"branchMap":{"0":{"type":"branch","line":38,"loc":{"start":{"line":38,"column":0},"end":{"line":42,"column":1}},"locations":[{"start":{"line":38,"column":0},"end":{"line":42,"column":1}}]},"1":{"type":"branch","line":39,"loc":{"start":{"line":39,"column":42},"end":{"line":42,"column":1}},"locations":[{"start":{"line":39,"column":42},"end":{"line":42,"column":1}}]},"2":{"type":"branch","line":39,"loc":{"start":{"line":39,"column":42},"end":{"line":40,"column":26}},"locations":[{"start":{"line":39,"column":42},"end":{"line":40,"column":26}}]},"3":{"type":"branch","line":40,"loc":{"start":{"line":40,"column":20},"end":{"line":40,"column":56}},"locations":[{"start":{"line":40,"column":20},"end":{"line":40,"column":56}}]},"4":{"type":"branch","line":40,"loc":{"start":{"line":40,"column":54},"end":{"line":42,"column":1}},"locations":[{"start":{"line":40,"column":54},"end":{"line":42,"column":1}}]},"5":{"type":"branch","line":44,"loc":{"start":{"line":44,"column":22},"end":{"line":61,"column":2}},"locations":[{"start":{"line":44,"column":22},"end":{"line":61,"column":2}}]},"6":{"type":"branch","line":64,"loc":{"start":{"line":64,"column":2},"end":{"line":82,"column":4}},"locations":[{"start":{"line":64,"column":2},"end":{"line":82,"column":4}}]},"7":{"type":"branch","line":68,"loc":{"start":{"line":68,"column":21},"end":{"line":72,"column":11}},"locations":[{"start":{"line":68,"column":21},"end":{"line":72,"column":11}}]},"8":{"type":"branch","line":70,"loc":{"start":{"line":70,"column":71},"end":{"line":72,"column":11}},"locations":[{"start":{"line":70,"column":71},"end":{"line":72,"column":11}}]},"9":{"type":"branch","line":72,"loc":{"start":{"line":72,"column":4},"end":{"line":80,"column":5}},"locations":[{"start":{"line":72,"column":4},"end":{"line":80,"column":5}}]},"10":{"type":"branch","line":73,"loc":{"start":{"line":73,"column":66},"end":{"line":80,"column":5}},"locations":[{"start":{"line":73,"column":66},"end":{"line":80,"column":5}}]},"11":{"type":"branch","line":73,"loc":{"start":{"line":73,"column":66},"end":{"line":78,"column":8}},"locations":[{"start":{"line":73,"column":66},"end":{"line":78,"column":8}}]},"12":{"type":"branch","line":78,"loc":{"start":{"line":78,"column":6},"end":{"line":80,"column":5}},"locations":[{"start":{"line":78,"column":6},"end":{"line":80,"column":5}}]},"13":{"type":"branch","line":80,"loc":{"start":{"line":80,"column":4},"end":{"line":81,"column":19}},"locations":[{"start":{"line":80,"column":4},"end":{"line":81,"column":19}}]},"14":{"type":"branch","line":71,"loc":{"start":{"line":71,"column":36},"end":{"line":71,"column":69}},"locations":[{"start":{"line":71,"column":36},"end":{"line":71,"column":69}}]},"15":{"type":"branch","line":75,"loc":{"start":{"line":75,"column":29},"end":{"line":76,"column":53}},"locations":[{"start":{"line":75,"column":29},"end":{"line":76,"column":53}}]}},"b":{"0":[22],"1":[18],"2":[2],"3":[0],"4":[2],"5":[1],"6":[12],"7":[3],"8":[1],"9":[9],"10":[5],"11":[1],"12":[0],"13":[1],"14":[1],"15":[10]},"fnMap":{"0":{"name":"fetchData","decl":{"start":{"line":38,"column":0},"end":{"line":42,"column":1}},"loc":{"start":{"line":38,"column":0},"end":{"line":42,"column":1}},"line":38},"1":{"name":"ArrayToPlanet","decl":{"start":{"line":44,"column":22},"end":{"line":61,"column":2}},"loc":{"start":{"line":44,"column":22},"end":{"line":61,"column":2}},"line":44},"2":{"name":"fetchPlanets","decl":{"start":{"line":64,"column":2},"end":{"line":82,"column":4}},"loc":{"start":{"line":64,"column":2},"end":{"line":82,"column":4}},"line":64}},"f":{"0":22,"1":1,"2":12}}
,"C:\\Users\\oreo\\Desktop\\test\\rs_react\\src\\Spinner.tsx": {"path":"C:\\Users\\oreo\\Desktop\\test\\rs_react\\src\\Spinner.tsx","all":false,"statementMap":{"0":{"start":{"line":1,"column":0},"end":{"line":1,"column":26}},"2":{"start":{"line":3,"column":0},"end":{"line":3,"column":39}},"3":{"start":{"line":4,"column":0},"end":{"line":4,"column":12}},"4":{"start":{"line":5,"column":0},"end":{"line":5,"column":12}},"5":{"start":{"line":6,"column":0},"end":{"line":6,"column":41}},"6":{"start":{"line":7,"column":0},"end":{"line":7,"column":39}},"7":{"start":{"line":8,"column":0},"end":{"line":8,"column":12}},"9":{"start":{"line":10,"column":0},"end":{"line":10,"column":3}},"10":{"start":{"line":11,"column":0},"end":{"line":11,"column":1}},"12":{"start":{"line":13,"column":0},"end":{"line":13,"column":23}}},"s":{"0":1,"2":1,"3":1,"4":45,"5":45,"6":45,"7":45,"9":45,"10":1,"12":1},"branchMap":{"0":{"type":"branch","line":4,"loc":{"start":{"line":4,"column":2},"end":{"line":10,"column":3}},"locations":[{"start":{"line":4,"column":2},"end":{"line":10,"column":3}}]}},"b":{"0":[45]},"fnMap":{"0":{"name":"render","decl":{"start":{"line":4,"column":2},"end":{"line":10,"column":3}},"loc":{"start":{"line":4,"column":2},"end":{"line":10,"column":3}},"line":4}},"f":{"0":45}}
,"C:\\Users\\oreo\\Desktop\\test\\rs_react\\src\\main.tsx": {"path":"C:\\Users\\oreo\\Desktop\\test\\rs_react\\src\\main.tsx","all":true,"statementMap":{"0":{"start":{"line":1,"column":0},"end":{"line":1,"column":35}},"1":{"start":{"line":2,"column":0},"end":{"line":2,"column":46}},"2":{"start":{"line":3,"column":0},"end":{"line":3,"column":44}},"3":{"start":{"line":4,"column":0},"end":{"line":4,"column":21}},"4":{"start":{"line":5,"column":0},"end":{"line":5,"column":28}},"6":{"start":{"line":7,"column":0},"end":{"line":7,"column":66}},"7":{"start":{"line":8,"column":0},"end":{"line":8,"column":14}},"8":{"start":{"line":9,"column":0},"end":{"line":9,"column":19}},"9":{"start":{"line":10,"column":0},"end":{"line":10,"column":13}},"10":{"start":{"line":11,"column":0},"end":{"line":11,"column":20}},"11":{"start":{"line":12,"column":0},"end":{"line":12,"column":16}},"12":{"start":{"line":13,"column":0},"end":{"line":13,"column":2}}},"s":{"0":0,"1":0,"2":0,"3":0,"4":0,"6":0,"7":0,"8":0,"9":0,"10":0,"11":0,"12":0},"branchMap":{"0":{"type":"branch","line":1,"loc":{"start":{"line":1,"column":288},"end":{"line":13,"column":-207}},"locations":[{"start":{"line":1,"column":288},"end":{"line":13,"column":-207}}]}},"b":{"0":[0]},"fnMap":{"0":{"name":"(empty-report)","decl":{"start":{"line":1,"column":288},"end":{"line":13,"column":-207}},"loc":{"start":{"line":1,"column":288},"end":{"line":13,"column":-207}},"line":1}},"f":{"0":0}}
}
